[0.398s] DEBUG:colcon:Command line arguments: ['/usr/bin/colcon', 'list', '-p', '--base-paths', '/home/zxm/work/slam']
[0.399s] DEBUG:colcon:Parsed command line arguments: Namespace(log_base=None, log_level=None, verb_name='list', build_base='build', ignore_user_meta=False, metas=['./colcon.meta'], base_paths=['/home/zxm/work/slam'], packages_ignore=None, packages_ignore_regex=None, paths=None, packages_up_to=None, packages_up_to_regex=None, packages_above=None, packages_above_and_dependencies=None, packages_above_depth=None, packages_select_by_dep=None, packages_skip_by_dep=None, packages_skip_up_to=None, packages_select_build_failed=False, packages_skip_build_finished=False, packages_select_test_failures=False, packages_skip_test_passed=False, packages_select=None, packages_skip=None, packages_select_regex=None, packages_skip_regex=None, packages_start=None, packages_end=None, allow_overriding=[], topological_order=False, names_only=False, paths_only=True, topological_graph=False, topological_graph_dot=False, topological_graph_density=False, topological_graph_legend=False, topological_graph_dot_cluster=False, topological_graph_dot_include_skipped=False, mixin_files=None, mixin=None, verb_parser=<colcon_mixin.mixin.mixin_argument.MixinArgumentDecorator object at 0x77a078e27910>, verb_extension=<colcon_package_information.verb.list.ListVerb object at 0x77a078f17f40>, main=<bound method ListVerb.main of <colcon_package_information.verb.list.ListVerb object at 0x77a078f17f40>>, mixin_verb=('list',))
[1.068s] Level 1:colcon.colcon_core.package_discovery:discover_packages(colcon_meta) check parameters
[1.068s] Level 1:colcon.colcon_core.package_discovery:discover_packages(recursive) check parameters
[1.068s] Level 1:colcon.colcon_core.package_discovery:discover_packages(ignore) check parameters
[1.068s] Level 1:colcon.colcon_core.package_discovery:discover_packages(path) check parameters
[1.068s] Level 1:colcon.colcon_core.package_discovery:discover_packages(recursive) discover
[1.068s] INFO:colcon.colcon_core.package_discovery:Crawling recursively for packages in '/home/zxm/work/slam'
[1.069s] Level 1:colcon.colcon_core.package_identification:_identify(/home/zxm/work/slam) by extensions ['ignore', 'ignore_ament_install']
[1.069s] Level 1:colcon.colcon_core.package_identification:_identify(/home/zxm/work/slam) by extension 'ignore'
[1.069s] Level 1:colcon.colcon_core.package_identification:_identify(/home/zxm/work/slam) by extension 'ignore_ament_install'
[1.069s] Level 1:colcon.colcon_core.package_identification:_identify(/home/zxm/work/slam) by extensions ['colcon_pkg']
[1.069s] Level 1:colcon.colcon_core.package_identification:_identify(/home/zxm/work/slam) by extension 'colcon_pkg'
[1.069s] Level 1:colcon.colcon_core.package_identification:_identify(/home/zxm/work/slam) by extensions ['colcon_meta']
[1.069s] Level 1:colcon.colcon_core.package_identification:_identify(/home/zxm/work/slam) by extension 'colcon_meta'
[1.070s] Level 1:colcon.colcon_core.package_identification:_identify(/home/zxm/work/slam) by extensions ['ros']
[1.070s] Level 1:colcon.colcon_core.package_identification:_identify(/home/zxm/work/slam) by extension 'ros'
[1.095s] Level 1:colcon.colcon_core.package_identification:_identify(/home/zxm/work/slam) by extensions ['cmake', 'python']
[1.096s] Level 1:colcon.colcon_core.package_identification:_identify(/home/zxm/work/slam) by extension 'cmake'
[1.598s] Level 1:colcon.colcon_core.package_identification:_identify(/home/zxm/work/slam) by extension 'python'
[1.599s] DEBUG:colcon.colcon_core.package_identification:Package '/home/zxm/work/slam' with type 'cmake' and name 'slam'
[1.599s] Level 1:colcon.colcon_core.package_discovery:discover_packages(recursive) using defaults
